var arr= [10,20,10,90,10,100];
undefined
arr.forEach(elem=>console.log(elem));
VM256:1 10
VM256:1 20
VM256:1 10
VM256:1 90
VM256:1 10
VM256:1 100
undefined
arr;
(6) [10, 20, 10, 90, 10, 100]
arr.pop();
100
arr;
(5) [10, 20, 10, 90, 10]
arr.splice(1);
(4) [20, 10, 90, 10]
arr;
[10]
var arr= [10,20,10,90,10,100];
undefined
arr.splice(1,1);
[20]
arr;
(5) [10, 10, 90, 10, 100]
arr.splice(1,3);
(3) [10, 90, 10]
arr;
(2) [10, 100]
var arr= [10,20,10,90,10,100];
undefined
arr.splice(0);
(6) [10, 20, 10, 90, 10, 100]
arr;
[]
var arr= [10,20,10,90,10,100];
undefined
arr.splice(1,3,10000);
(3) [20, 10, 90]
arr;
(4) [10, 10000, 10, 100]
var arr= [10,20,10,90,10,100];
undefined
arr.splice(1,3,10000,999,8888);
(3) [20, 10, 90]
arr;
(6) [10, 10000, 999, 8888, 10, 100]
arr;
(6) [10, 10000, 999, 8888, 10, 100]
var arr2 = ["amit","ram"];
undefined
var arr3 = [{id:1001, name:'Ram',salary:9999},{id:1002, name:'Shyam',salary:8888}];
undefined
arr;
(6) [10, 10000, 999, 8888, 10, 100]
arr.find(ele=>ele==100);
100
arr.findIndex(ele=>ele==100);
5
arr.filter(ele=>ele==10);
(2) [10, 10]
arr.filter(ele=>ele==10).length;
2
arr;
(6) [10, 10000, 999, 8888, 10, 100]
arr = arr.filter(ele=>ele!=10);
(4) [10000, 999, 8888, 100]
arr;
(4) [10000, 999, 8888, 100]
arr;
(4) [10000, 999, 8888, 100]
var f  = arr;
undefined
f;
(4) [10000, 999, 8888, 100]
f[0] = 9999;
9999
arr;
(4) [9999, 999, 8888, 100]
arr[0]=111111;
111111
f;
(4) [111111, 999, 8888, 100]
arr;
(4) [111111, 999, 8888, 100]
var g1 = arr.filter(e=>true);
undefined
g1;
(4) [111111, 999, 8888, 100]
arr;
(4) [111111, 999, 8888, 100]
g1[0] = 77777;
77777
arr;
(4) [111111, 999, 8888, 100]
g1;
(4) [77777, 999, 8888, 100]
var arr = [10,20,90,1000,10,29,11];
undefined
var r1 =[];
undefined
for(let i = 0; i<arr.length; i++){
if(arr[i]>70){
r1.push(arr[i]);
}
}
undefined
r1;
(2) [90, 1000]
arr.filter(e=>true);
(7) [10, 20, 90, 1000, 10, 29, 11]
arr;

(7) [10, 20, 90, 1000, 10, 29, 11]0: 101: 202: 903: 10004: 105: 296: 11length: 7__proto__: Array(0)
arr.findIndex(e=>e==10);
0
arr.splice(arr.findIndex(e=>e==10),1);
[10]
arr;
(6) [20, 90, 1000, 10, 29, 11]
var arr = [10,20,90,1000,10,29,11];
undefined
arr = arr.filter(e=>e!=10);
(5) [20, 90, 1000, 29, 11]
arr;
(5) [20, 90, 1000, 29, 11]
var dd = [99,88,66];
undefined
arr;
(5) [20, 90, 1000, 29, 11]
var t1 = [arr];
undefined
t1;
[Array(5)]
var t1 = [...arr];

undefined
t1;
(5) [20, 90, 1000, 29, 11]
var nn = [99,33,445,55];
undefined
arr;
(5) [20, 90, 1000, 29, 11]
var b = [...arr,...nn];
undefined
b;
(9) [20, 90, 1000, 29, 11, 99, 33, 445, 55]
var arr2 = [10,[90,100],"amit",{id:1001}];
undefined
var gg = 10;
undefined
function add(...args){
    for(let i = 0 ; i<args.length; i++){
        console.log(args[i]);
}
}
undefined
add(10,20,30);
VM3362:3 10
VM3362:3 20
VM3362:3 30
undefined
add(1,2,3,"Amit",90,100);
VM3362:3 1
VM3362:3 2
VM3362:3 3
VM3362:3 Amit
VM3362:3 90
VM3362:3 100
undefined
function search(...args){
if(args.length==0){
console.log("Full Search");
}
    for(let i = 0 ; i<args.length; i++){
        console.log(args[i]);
}
}
undefined
function search(...args){
if(args.length==0){
console.log("Full Search");
return ;
}
if(args.length==1){
if(typeof args[0]=="string"){
console.log("Brand Search ");
}else
if(typeof args[0]=="number"){
console.log("Price Search ");
}
else{
console.log("Invalid Search ");
}
return ;
}
console.log("Price and Brand Search ");
//     for(let i = 0 ; i<args.length; i++){
//         console.log(args[i]);
// }
}
undefined
search();
VM3900:3 Full Search
undefined
search(1000);
VM3900:11 Price Search 
undefined
search("Puma");
VM3900:8 Brand Search 
undefined
search("Puma",1000);
VM3900:18 Price and Brand Search 
undefined
function search2(){
console.log(" I am Search2 ");
}
undefined
console.dir(search2);
VM4114:1 ƒ search2()length: 0name: "search2"arguments: nullcaller: nullprototype: {constructor: ƒ}__proto__: ƒ ()[[FunctionLocation]]: VM4071:1[[Scopes]]: Scopes[1]
undefined
function search2(){
console.log(" I am Search2 ",arguments);
}
undefined
search2();
VM4150:2  I am Search2  Arguments [callee: ƒ, Symbol(Symbol.iterator): ƒ]
undefined
function search2(){
console.log(" I am Search2 ",arguments.length);
}
undefined
search2();
VM4199:2  I am Search2  0
undefined
search2(10,20);
VM4199:2  I am Search2  2
undefined
search2(10,20,"Amit");
VM4199:2  I am Search2  3
undefined
function search(){
if(arguments.length==0){
console.log("Full Search");
return ;
}
if(arguments.length==1){
if(typeof arguments[0]=="string"){
console.log("Brand Search ");
}else
if(typeof arguments[0]=="number"){
console.log("Price Search ");
}
else{
console.log("Invalid Search ");
}
return ;
}
console.log("Price and Brand Search ");
//     for(let i = 0 ; i<args.length; i++){
//         console.log(args[i]);
// }
}
undefined
search();
VM4328:3 Full Search
undefined
search(1000);
VM4328:11 Price Search 
undefined
search("Puma");
VM4328:8 Brand Search 
undefined
search("Puma",1000);
VM4328:18 Price and Brand Search 
undefined
arr;
(5) [20, 90, 1000, 29, 11]
typeof arr;
"object"
